Added Component: Designator=U0(Core52840)
Added Pin To Net: NetName=GND Pin=U0-1
Added Pin To Net: NetName=GND Pin=U0-1
Added Pin To Net: NetName=S25 Pin=U0-6
Added Pin To Net: NetName=S25 Pin=U0-6
Added Pin To Net: NetName=S28 Pin=U0-7
Added Pin To Net: NetName=S28 Pin=U0-7
Added Pin To Net: NetName=S27 Pin=U0-8
Added Pin To Net: NetName=S27 Pin=U0-8
Added Pin To Net: NetName=S26 Pin=U0-9
Added Pin To Net: NetName=S26 Pin=U0-9
Added Pin To Net: NetName=S19 Pin=U0-10
Added Pin To Net: NetName=S19 Pin=U0-10
Added Pin To Net: NetName=S18 Pin=U0-11
Added Pin To Net: NetName=S18 Pin=U0-11
Added Pin To Net: NetName=S17 Pin=U0-12
Added Pin To Net: NetName=S17 Pin=U0-12
Added Pin To Net: NetName=S14 Pin=U0-13
Added Pin To Net: NetName=S14 Pin=U0-13
Added Pin To Net: NetName=S16 Pin=U0-16
Added Pin To Net: NetName=S4 Pin=U0-17
Added Pin To Net: NetName=S3 Pin=U0-19
Added Pin To Net: NetName=S15 Pin=U0-20
Added Pin To Net: NetName=S1 Pin=U0-21
Added Pin To Net: NetName=S2 Pin=U0-22
Added Pin To Net: NetName=S5 Pin=U0-25
Added Pin To Net: NetName=S6 Pin=U0-26
Added Pin To Net: NetName=S7 Pin=U0-27
Added Pin To Net: NetName=S8 Pin=U0-28
Added Pin To Net: NetName=S9 Pin=U0-29
Added Pin To Net: NetName=S10 Pin=U0-30
Added Pin To Net: NetName=S11 Pin=U0-31
Added Pin To Net: NetName=GND Pin=U0-32
Added Pin To Net: NetName=GND Pin=U0-32
Added Pin To Net: NetName=S12 Pin=U0-33
Added Pin To Net: NetName=S12 Pin=U0-33
Added Pin To Net: NetName=S13 Pin=U0-34
Added Pin To Net: NetName=S13 Pin=U0-34
Added Pin To Net: NetName=SWDIO Pin=U0-37
Added Pin To Net: NetName=SWDIO Pin=U0-37
Added Pin To Net: NetName=SWDCLK Pin=U0-38
Added Pin To Net: NetName=SWDCLK Pin=U0-38
Added Pin To Net: NetName=S20 Pin=U0-43
Added Pin To Net: NetName=S20 Pin=U0-43
Added Pin To Net: NetName=GND Pin=U0-44
Added Pin To Net: NetName=GND Pin=U0-44
Added Pin To Net: NetName=D+ Pin=U0-45
Added Pin To Net: NetName=D+ Pin=U0-45
Added Pin To Net: NetName=D- Pin=U0-46
Added Pin To Net: NetName=D- Pin=U0-46
Added Pin To Net: NetName=VBUS Pin=U0-47
Added Pin To Net: NetName=VBUS Pin=U0-47
Added Pin To Net: NetName=RESET Pin=U0-48
Added Pin To Net: NetName=RESET Pin=U0-48
Added Pin To Net: NetName=S21 Pin=U0-49
Added Pin To Net: NetName=S21 Pin=U0-49
Added Pin To Net: NetName=S22 Pin=U0-50
Added Pin To Net: NetName=S22 Pin=U0-50
Added Pin To Net: NetName=S23 Pin=U0-51
Added Pin To Net: NetName=S23 Pin=U0-51
Added Pin To Net: NetName=S24 Pin=U0-52
Added Pin To Net: NetName=S24 Pin=U0-52
Added Pin To Net: NetName=VCC Pin=U0-55
Added Pin To Net: NetName=VCC Pin=U0-55
