Removed Pin From Net: NetName=S27 Pin=S27-1
Removed Pin From Net: NetName=GND Pin=S27-2
Removed Pin From Net: NetName=S27 Pin=S27-3
Removed Pin From Net: NetName=GND Pin=S27-4
Removed Pin From Net: NetName=S27 Pin=S27-5
Removed Pin From Net: NetName=GND Pin=S27-6
Removed Pin From Net: NetName=S27 Pin=S27-7
Removed Pin From Net: NetName=GND Pin=S27-8
Removed Pin From Net: NetName=S27 Pin=S27-9
Removed Pin From Net: NetName=GND Pin=S27-10
Removed Pin From Net: NetName=S27 Pin=S27-11
Removed Pin From Net: NetName=GND Pin=S27-12
Added Component: Designator=Q2(SOT-23)
Add component (AddParameter): Name = "ComponentLink1Description"; Value = "Manufacturer Link"; VariantName = "[No Variations]"
Add component (AddParameter): Name = "ComponentLink1URL"; Value = "http://www.irf.com/"; VariantName = "[No Variations]"
Add component (AddParameter): Name = "DatasheetVersion"; Value = "PD-9.814"; VariantName = "[No Variations]"
Add component (AddParameter): Name = "LatestRevisionDate"; Value = "17-Jul-2002"; VariantName = "[No Variations]"
Add component (AddParameter): Name = "LatestRevisionNote"; Value = "Re-released for DXP Platform."; VariantName = "[No Variations]"
Add component (AddParameter): Name = "Note"; Value = "Pin 2 is electrically connected to pin 4."; VariantName = "[No Variations]"
Add component (AddParameter): Name = "PackageDescription"; Value = "TO, Thru-Hole, Vertical, Heatsink Mounted; 3 In-Line Leads; Pitch 2.54 mm"; VariantName = "[No Variations]"
Add component (AddParameter): Name = "PackageReference"; Value = "TO-220AB"; VariantName = "[No Variations]"
Add component (AddParameter): Name = "PackageVersion"; Value = "Feb-1997"; VariantName = "[No Variations]"
Add component (AddParameter): Name = "Published"; Value = "8-Jun-2000"; VariantName = "[No Variations]"
Add component (AddParameter): Name = "Publisher"; Value = "Altium Limited"; VariantName = "[No Variations]"
Added Pin To Net: NetName=VCC Pin=Q2-1
Added Pin To Net: NetName=GND Pin=Q2-2
Added Pin To Net: NetName=GND_P Pin=Q2-3
Added Pin To Net: NetName=GND Pin=S27-1
Added Pin To Net: NetName=S27 Pin=S27-2
Added Pin To Net: NetName=GND Pin=S27-3
Added Pin To Net: NetName=S27 Pin=S27-4
Added Pin To Net: NetName=GND Pin=S27-5
Added Pin To Net: NetName=S27 Pin=S27-6
Added Pin To Net: NetName=GND Pin=S27-7
Added Pin To Net: NetName=S27 Pin=S27-8
Added Pin To Net: NetName=GND Pin=S27-9
Added Pin To Net: NetName=S27 Pin=S27-10
Added Pin To Net: NetName=GND Pin=S27-11
Added Pin To Net: NetName=S27 Pin=S27-12
Added Member To Class: ClassName=mitosis Member=Component Q2 SI2302
Added Member To Class: ClassName=mitosis Member=Component U1 Core51822 (B)
