Removed Pin From Net: NetName=S15 Pin=U1-2
Removed Pin From Net: NetName=LED Pin=U1-4
Removed Pin From Net: NetName=S4 Pin=U1-5
Removed Pin From Net: NetName=S5 Pin=U1-9
Removed Pin From Net: NetName=S10 Pin=U1-10
Removed Pin From Net: NetName=S3 Pin=U1-13
Removed Pin From Net: NetName=S14 Pin=U1-14
Removed Pin From Net: NetName=S9 Pin=U1-15
Removed Pin From Net: NetName=S8 Pin=U1-16
Removed Pin From Net: NetName=S13 Pin=U1-17
Removed Pin From Net: NetName=S2 Pin=U1-18
Removed Pin From Net: NetName=S7 Pin=U1-19
Removed Pin From Net: NetName=S12 Pin=U1-20
Removed Pin From Net: NetName=S1 Pin=U1-21
Removed Pin From Net: NetName=S6 Pin=U1-22
Removed Pin From Net: NetName=S11 Pin=U1-23
Removed Pin From Net: NetName=S19 Pin=U1-24
Removed Pin From Net: NetName=S17 Pin=U1-27
Removed Pin From Net: NetName=S18 Pin=U1-28
Removed Pin From Net: NetName=S20 Pin=U1-29
Removed Pin From Net: NetName=S21 Pin=U1-33
Removed Pin From Net: NetName=S22 Pin=U1-34
Removed Pin From Net: NetName=S23 Pin=U1-35
Removed Pin From Net: NetName=GND Pin=U1-36
Removed Pin From Net: NetName=S23 Pin=U2-2
Removed Pin From Net: NetName=S21 Pin=U2-4
Removed Pin From Net: NetName=S20 Pin=U2-5
Removed Pin From Net: NetName=S16 Pin=U2-6
Removed Pin From Net: NetName=S18 Pin=U2-9
Removed Pin From Net: NetName=S17 Pin=U2-10
Removed Pin From Net: NetName=S19 Pin=U2-13
Removed Pin From Net: NetName=S11 Pin=U2-14
Removed Pin From Net: NetName=S6 Pin=U2-15
Removed Pin From Net: NetName=S1 Pin=U2-16
Removed Pin From Net: NetName=S12 Pin=U2-17
Removed Pin From Net: NetName=S7 Pin=U2-18
Removed Pin From Net: NetName=S2 Pin=U2-19
Removed Pin From Net: NetName=S13 Pin=U2-20
Removed Pin From Net: NetName=S8 Pin=U2-21
Removed Pin From Net: NetName=S9 Pin=U2-22
Removed Pin From Net: NetName=S14 Pin=U2-23
Removed Pin From Net: NetName=S3 Pin=U2-24
Removed Pin From Net: NetName=GND Pin=U2-26
Removed Pin From Net: NetName=S10 Pin=U2-27
Removed Pin From Net: NetName=S5 Pin=U2-28
Removed Pin From Net: NetName=S4 Pin=U2-29
Removed Pin From Net: NetName=LED Pin=U2-33
Removed Pin From Net: NetName=S15 Pin=U2-35
Removed Pin From Net: NetName=GND Pin=U2-36
Added Component: Designator=S24(cherry)
Add component (AddParameter): Name = "LatestRevisionDate"; Value = "17-Jul-2002"; VariantName = "[No Variations]"
Add component (AddParameter): Name = "LatestRevisionNote"; Value = "Re-released for DXP Platform."; VariantName = "[No Variations]"
Add component (AddParameter): Name = "PackageDescription"; Value = "Switch; 2 Leads"; VariantName = "[No Variations]"
Add component (AddParameter): Name = "PackageReference"; Value = "SPST-2"; VariantName = "[No Variations]"
Add component (AddParameter): Name = "Published"; Value = "24-Mar-1999"; VariantName = "[No Variations]"
Add component (AddParameter): Name = "Publisher"; Value = "Altium Limited"; VariantName = "[No Variations]"
Added Component: Designator=S25(cherry)
Add component (AddParameter): Name = "LatestRevisionDate"; Value = "17-Jul-2002"; VariantName = "[No Variations]"
Add component (AddParameter): Name = "LatestRevisionNote"; Value = "Re-released for DXP Platform."; VariantName = "[No Variations]"
Add component (AddParameter): Name = "PackageDescription"; Value = "Switch; 2 Leads"; VariantName = "[No Variations]"
Add component (AddParameter): Name = "PackageReference"; Value = "SPST-2"; VariantName = "[No Variations]"
Add component (AddParameter): Name = "Published"; Value = "24-Mar-1999"; VariantName = "[No Variations]"
Add component (AddParameter): Name = "Publisher"; Value = "Altium Limited"; VariantName = "[No Variations]"
Added Component: Designator=S26(cherry)
Add component (AddParameter): Name = "LatestRevisionDate"; Value = "17-Jul-2002"; VariantName = "[No Variations]"
Add component (AddParameter): Name = "LatestRevisionNote"; Value = "Re-released for DXP Platform."; VariantName = "[No Variations]"
Add component (AddParameter): Name = "PackageDescription"; Value = "Switch; 2 Leads"; VariantName = "[No Variations]"
Add component (AddParameter): Name = "PackageReference"; Value = "SPST-2"; VariantName = "[No Variations]"
Add component (AddParameter): Name = "Published"; Value = "24-Mar-1999"; VariantName = "[No Variations]"
Add component (AddParameter): Name = "Publisher"; Value = "Altium Limited"; VariantName = "[No Variations]"
Added Component: Designator=S27(cherry)
Add component (AddParameter): Name = "LatestRevisionDate"; Value = "17-Jul-2002"; VariantName = "[No Variations]"
Add component (AddParameter): Name = "LatestRevisionNote"; Value = "Re-released for DXP Platform."; VariantName = "[No Variations]"
Add component (AddParameter): Name = "PackageDescription"; Value = "Switch; 2 Leads"; VariantName = "[No Variations]"
Add component (AddParameter): Name = "PackageReference"; Value = "SPST-2"; VariantName = "[No Variations]"
Add component (AddParameter): Name = "Published"; Value = "24-Mar-1999"; VariantName = "[No Variations]"
Add component (AddParameter): Name = "Publisher"; Value = "Altium Limited"; VariantName = "[No Variations]"
Added Pin To Net: NetName=GND Pin=S24-1
Added Pin To Net: NetName=GND Pin=S24-3
Added Pin To Net: NetName=GND Pin=S24-5
Added Pin To Net: NetName=GND Pin=S24-7
Added Pin To Net: NetName=GND Pin=S24-9
Added Pin To Net: NetName=GND Pin=S24-11
Added Pin To Net: NetName=GND Pin=S25-1
Added Pin To Net: NetName=GND Pin=S25-3
Added Pin To Net: NetName=GND Pin=S25-5
Added Pin To Net: NetName=GND Pin=S25-7
Added Pin To Net: NetName=GND Pin=S25-9
Added Pin To Net: NetName=GND Pin=S25-11
Added Pin To Net: NetName=GND Pin=S26-1
Added Pin To Net: NetName=GND Pin=S26-3
Added Pin To Net: NetName=GND Pin=S26-5
Added Pin To Net: NetName=GND Pin=S26-7
Added Pin To Net: NetName=GND Pin=S26-9
Added Pin To Net: NetName=GND Pin=S26-11
Added Pin To Net: NetName=GND Pin=S27-2
Added Pin To Net: NetName=GND Pin=S27-4
Added Pin To Net: NetName=GND Pin=S27-6
Added Pin To Net: NetName=GND Pin=S27-8
Added Pin To Net: NetName=GND Pin=S27-10
Added Pin To Net: NetName=GND Pin=S27-12
Added Pin To Net: NetName=S21 Pin=U1-2
Added Pin To Net: NetName=S22 Pin=U1-3
Added Pin To Net: NetName=S23 Pin=U1-4
Added Pin To Net: NetName=LED Pin=U1-14
Added Pin To Net: NetName=S1 Pin=U1-15
Added Pin To Net: NetName=S2 Pin=U1-16
Added Pin To Net: NetName=S3 Pin=U1-17
Added Pin To Net: NetName=S4 Pin=U1-18
Added Pin To Net: NetName=S5 Pin=U1-19
Added Pin To Net: NetName=S6 Pin=U1-20
Added Pin To Net: NetName=S7 Pin=U1-21
Added Pin To Net: NetName=S8 Pin=U1-22
Added Pin To Net: NetName=S9 Pin=U1-23
Added Pin To Net: NetName=S10 Pin=U1-24
Added Pin To Net: NetName=S11 Pin=U1-25
Added Pin To Net: NetName=S12 Pin=U1-26
Added Pin To Net: NetName=S13 Pin=U1-27
Added Pin To Net: NetName=S14 Pin=U1-28
Added Pin To Net: NetName=S15 Pin=U1-29
Added Pin To Net: NetName=S17 Pin=U1-33
Added Pin To Net: NetName=S18 Pin=U1-34
Added Pin To Net: NetName=S19 Pin=U1-35
Added Pin To Net: NetName=S20 Pin=U1-36
Added Pin To Net: NetName=S21 Pin=U2-2
Added Pin To Net: NetName=S23 Pin=U2-4
Added Pin To Net: NetName=LED Pin=U2-14
Added Pin To Net: NetName=S1 Pin=U2-15
Added Pin To Net: NetName=S2 Pin=U2-16
Added Pin To Net: NetName=S3 Pin=U2-17
Added Pin To Net: NetName=S4 Pin=U2-18
Added Pin To Net: NetName=S5 Pin=U2-19
Added Pin To Net: NetName=S6 Pin=U2-20
Added Pin To Net: NetName=S7 Pin=U2-21
Added Pin To Net: NetName=S8 Pin=U2-22
Added Pin To Net: NetName=S9 Pin=U2-23
Added Pin To Net: NetName=S10 Pin=U2-24
Added Pin To Net: NetName=S11 Pin=U2-25
Added Pin To Net: NetName=S12 Pin=U2-26
Added Pin To Net: NetName=S13 Pin=U2-27
Added Pin To Net: NetName=S14 Pin=U2-28
Added Pin To Net: NetName=S15 Pin=U2-29
Added Pin To Net: NetName=S16 Pin=U2-30
Added Pin To Net: NetName=S17 Pin=U2-33
Added Pin To Net: NetName=S18 Pin=U2-34
Added Pin To Net: NetName=S19 Pin=U2-35
Added Pin To Net: NetName=S20 Pin=U2-36
Added Pin To Net: NetName=S24 Pin=S24-2
Added Pin To Net: NetName=S24 Pin=S24-4
Added Pin To Net: NetName=S24 Pin=S24-6
Added Pin To Net: NetName=S24 Pin=S24-8
Added Pin To Net: NetName=S24 Pin=S24-10
Added Pin To Net: NetName=S24 Pin=S24-12
Added Pin To Net: NetName=S24 Pin=U1-5
Added Pin To Net: NetName=S24 Pin=U2-5
Added Net: Name=S24
Added Pin To Net: NetName=S25 Pin=S25-2
Added Pin To Net: NetName=S25 Pin=S25-4
Added Pin To Net: NetName=S25 Pin=S25-6
Added Pin To Net: NetName=S25 Pin=S25-8
Added Pin To Net: NetName=S25 Pin=S25-10
Added Pin To Net: NetName=S25 Pin=S25-12
Added Pin To Net: NetName=S25 Pin=U1-6
Added Pin To Net: NetName=S25 Pin=U2-6
Added Net: Name=S25
Added Pin To Net: NetName=S26 Pin=S26-2
Added Pin To Net: NetName=S26 Pin=S26-4
Added Pin To Net: NetName=S26 Pin=S26-6
Added Pin To Net: NetName=S26 Pin=S26-8
Added Pin To Net: NetName=S26 Pin=S26-10
Added Pin To Net: NetName=S26 Pin=S26-12
Added Pin To Net: NetName=S26 Pin=U1-9
Added Pin To Net: NetName=S26 Pin=U2-9
Added Net: Name=S26
Added Pin To Net: NetName=S27 Pin=S27-1
Added Pin To Net: NetName=S27 Pin=S27-3
Added Pin To Net: NetName=S27 Pin=S27-5
Added Pin To Net: NetName=S27 Pin=S27-7
Added Pin To Net: NetName=S27 Pin=S27-9
Added Pin To Net: NetName=S27 Pin=S27-11
Added Pin To Net: NetName=S27 Pin=U1-10
Added Pin To Net: NetName=S27 Pin=U2-10
Added Net: Name=S27
Added Member To Class: ClassName=mitosis Member=Component S24 CHERRY MX
Added Member To Class: ClassName=mitosis Member=Component S25 CHERRY MX
Added Member To Class: ClassName=mitosis Member=Component S26 CHERRY MX
Added Member To Class: ClassName=mitosis Member=Component S27 CHERRY MX
